[{"line":2,"elements":[{"line":4,"name":"Login","description":"","type":"background","keyword":"Background","steps":[{"result":{"duration":8735032200,"status":"passed"},"line":5,"name":"Admin goes to login page \"loginPage\"","match":{"arguments":[{"val":"\"loginPage\"","offset":25}],"location":"stepdefinitions.SauceDemoStepDef.admin_goes_to_login_page(java.lang.String)"},"keyword":"Given "},{"result":{"duration":387946100,"status":"passed"},"line":6,"name":"Admin fills with positive datas and click login button","match":{"location":"stepdefinitions.SauceDemoStepDef.admin_fills_with_positive_datas_and_click_login_button(io.cucumber.datatable.DataTable)"},"rows":[{"cells":["username","password"]},{"cells":["standard_user","secret_sauce"]}],"keyword":"And "},{"result":{"duration":193432000,"status":"passed"},"line":9,"name":"Admin adds items to the cart","match":{"location":"stepdefinitions.SauceDemoStepDef.adminAddsItemsToTheCart()"},"keyword":"And "},{"result":{"duration":313358800,"status":"passed"},"line":10,"name":"Admin verifies the page navigates to cart","match":{"location":"stepdefinitions.SauceDemoStepDef.adminVerifiesThePageNavigatesToCart()"},"keyword":"Then "},{"result":{"duration":67606100,"status":"passed"},"line":11,"name":"Admin verifies Admin can see items which he added to cart","match":{"location":"stepdefinitions.SauceDemoStepDef.adminVerifiesAdminCanSeeItemsWhichHeAddedToCart()"},"keyword":"Then "}]},{"start_timestamp":"2023-12-02T16:10:32.785Z","line":32,"name":"Admin tests add to cart negative test","description":"","id":"admin-tests-add-to-cart-functionalty;admin-tests-add-to-cart-negative-test;;2","type":"scenario","keyword":"Scenario Outline","steps":[{"result":{"duration":437976000,"status":"passed"},"line":24,"name":"Admin navigates checkout page and enters negative datas \".\", \".\", \".\"","match":{"arguments":[{"val":"\".\"","offset":56},{"val":"\".\"","offset":61},{"val":"\".\"","offset":66}],"location":"stepdefinitions.SauceDemoStepDef.adminNavigatesCheckoutPageAndEntersNegativeDatas(java.lang.String,java.lang.String,java.lang.String)"},"keyword":"And "},{"result":{"error_message":"org.openqa.selenium.NoSuchElementException: no such element: Unable to locate element: {\"method\":\"xpath\",\"selector\":\"//input[@id='continue']\"}\n  (Session info: MicrosoftEdge=119.0.2151.93)\nFor documentation on this error, please visit: https://www.selenium.dev/documentation/webdriver/troubleshooting/errors#no-such-element-exception\nBuild info: version: '4.15.0', revision: '1d14b5521b'\nSystem info: os.name: 'Windows 10', os.arch: 'amd64', os.version: '10.0', java.version: '17.0.8'\nDriver info: org.openqa.selenium.edge.EdgeDriver\nCommand: [d6f775f4615a79ae8fe7b1bc998eb627, findElement {using=xpath, value=//input[@id='continue']}]\nCapabilities {acceptInsecureCerts: false, browserName: msedge, browserVersion: 119.0.2151.93, fedcm:accounts: true, ms:edgeOptions: {debuggerAddress: localhost:58944}, msedge: {msedgedriverVersion: 119.0.2151.97 (42f50dec8b7a..., userDataDir: C:\\Users\\FURKAN\\AppData\\Loc...}, networkConnectionEnabled: false, pageLoadStrategy: normal, platformName: windows, proxy: Proxy(), se:cdp: ws://localhost:58944/devtoo..., se:cdpVersion: 119.0.2151.93, setWindowRect: true, strictFileInteractability: false, timeouts: {implicit: 0, pageLoad: 300000, script: 30000}, unhandledPromptBehavior: dismiss and notify, webauthn:extension:credBlob: true, webauthn:extension:largeBlob: true, webauthn:extension:minPinLength: true, webauthn:extension:prf: true, webauthn:virtualAuthenticators: true}\nSession ID: d6f775f4615a79ae8fe7b1bc998eb627\r\n\tat java.base/jdk.internal.reflect.NativeConstructorAccessorImpl.newInstance0(Native Method)\r\n\tat java.base/jdk.internal.reflect.NativeConstructorAccessorImpl.newInstance(NativeConstructorAccessorImpl.java:77)\r\n\tat java.base/jdk.internal.reflect.DelegatingConstructorAccessorImpl.newInstance(DelegatingConstructorAccessorImpl.java:45)\r\n\tat java.base/java.lang.reflect.Constructor.newInstanceWithCaller(Constructor.java:499)\r\n\tat java.base/java.lang.reflect.Constructor.newInstance(Constructor.java:480)\r\n\tat org.openqa.selenium.remote.codec.w3c.W3CHttpResponseCodec.createException(W3CHttpResponseCodec.java:200)\r\n\tat org.openqa.selenium.remote.codec.w3c.W3CHttpResponseCodec.decode(W3CHttpResponseCodec.java:133)\r\n\tat org.openqa.selenium.remote.codec.w3c.W3CHttpResponseCodec.decode(W3CHttpResponseCodec.java:52)\r\n\tat org.openqa.selenium.remote.HttpCommandExecutor.execute(HttpCommandExecutor.java:191)\r\n\tat org.openqa.selenium.remote.service.DriverCommandExecutor.invokeExecute(DriverCommandExecutor.java:200)\r\n\tat org.openqa.selenium.remote.service.DriverCommandExecutor.execute(DriverCommandExecutor.java:175)\r\n\tat org.openqa.selenium.remote.RemoteWebDriver.execute(RemoteWebDriver.java:607)\r\n\tat org.openqa.selenium.remote.ElementLocation$ElementFinder$2.findElement(ElementLocation.java:165)\r\n\tat org.openqa.selenium.remote.ElementLocation.findElement(ElementLocation.java:59)\r\n\tat org.openqa.selenium.remote.RemoteWebDriver.findElement(RemoteWebDriver.java:364)\r\n\tat org.openqa.selenium.remote.RemoteWebDriver.findElement(RemoteWebDriver.java:358)\r\n\tat org.openqa.selenium.support.pagefactory.DefaultElementLocator.findElement(DefaultElementLocator.java:68)\r\n\tat org.openqa.selenium.support.pagefactory.internal.LocatingElementHandler.invoke(LocatingElementHandler.java:38)\r\n\tat jdk.proxy2/jdk.proxy2.$Proxy20.isDisplayed(Unknown Source)\r\n\tat page.SauceDemoPage.verifyAdminShouldNotPassNextStep(SauceDemoPage.java:231)\r\n\tat stepdefinitions.SauceDemoStepDef.adminShouldntPassNextStep(SauceDemoStepDef.java:110)\r\n\tat ✽.Admin shouldnt pass next step(file:///C:/Users/FURKAN/IdeaProjects/PracticeProject/src/test/resources/features/checkout.feature:25)\r\n","duration":15028206500,"status":"failed"},"line":25,"name":"Admin shouldnt pass next step","match":{"location":"stepdefinitions.SauceDemoStepDef.adminShouldntPassNextStep()"},"keyword":"Then "},{"result":{"status":"skipped"},"line":26,"name":"Admin verifies the items and total prices","match":{"location":"stepdefinitions.SauceDemoStepDef.adminVerifiesTheItemsAndTotalPrices()"},"keyword":"Then "},{"result":{"status":"skipped"},"line":27,"name":"Admin verifies order is completed","match":{"location":"stepdefinitions.SauceDemoStepDef.adminVerifiesOrderIsCompleted()"},"keyword":"Then "},{"result":{"status":"skipped"},"line":28,"name":"Admin closes the browser","match":{"location":"stepdefinitions.SauceDemoStepDef.admin_closes_the_browser()"},"keyword":"And "}],"tags":[{"name":"@negativeCartPage"}]},{"line":4,"name":"Login","description":"","type":"background","keyword":"Background","steps":[{"result":{"duration":97738200,"status":"passed"},"line":5,"name":"Admin goes to login page \"loginPage\"","match":{"arguments":[{"val":"\"loginPage\"","offset":25}],"location":"stepdefinitions.SauceDemoStepDef.admin_goes_to_login_page(java.lang.String)"},"keyword":"Given "},{"result":{"duration":264301200,"status":"passed"},"line":6,"name":"Admin fills with positive datas and click login button","match":{"location":"stepdefinitions.SauceDemoStepDef.admin_fills_with_positive_datas_and_click_login_button(io.cucumber.datatable.DataTable)"},"rows":[{"cells":["username","password"]},{"cells":["standard_user","secret_sauce"]}],"keyword":"And "},{"result":{"error_message":"org.openqa.selenium.NoSuchElementException: no such element: Unable to locate element: {\"method\":\"xpath\",\"selector\":\"//button[@id='add-to-cart-sauce-labs-backpack']\"}\n  (Session info: MicrosoftEdge=119.0.2151.93)\nFor documentation on this error, please visit: https://www.selenium.dev/documentation/webdriver/troubleshooting/errors#no-such-element-exception\nBuild info: version: '4.15.0', revision: '1d14b5521b'\nSystem info: os.name: 'Windows 10', os.arch: 'amd64', os.version: '10.0', java.version: '17.0.8'\nDriver info: org.openqa.selenium.edge.EdgeDriver\nCommand: [d6f775f4615a79ae8fe7b1bc998eb627, findElement {using=xpath, value=//button[@id='add-to-cart-sauce-labs-backpack']}]\nCapabilities {acceptInsecureCerts: false, browserName: msedge, browserVersion: 119.0.2151.93, fedcm:accounts: true, ms:edgeOptions: {debuggerAddress: localhost:58944}, msedge: {msedgedriverVersion: 119.0.2151.97 (42f50dec8b7a..., userDataDir: C:\\Users\\FURKAN\\AppData\\Loc...}, networkConnectionEnabled: false, pageLoadStrategy: normal, platformName: windows, proxy: Proxy(), se:cdp: ws://localhost:58944/devtoo..., se:cdpVersion: 119.0.2151.93, setWindowRect: true, strictFileInteractability: false, timeouts: {implicit: 0, pageLoad: 300000, script: 30000}, unhandledPromptBehavior: dismiss and notify, webauthn:extension:credBlob: true, webauthn:extension:largeBlob: true, webauthn:extension:minPinLength: true, webauthn:extension:prf: true, webauthn:virtualAuthenticators: true}\nSession ID: d6f775f4615a79ae8fe7b1bc998eb627\r\n\tat java.base/jdk.internal.reflect.NativeConstructorAccessorImpl.newInstance0(Native Method)\r\n\tat java.base/jdk.internal.reflect.NativeConstructorAccessorImpl.newInstance(NativeConstructorAccessorImpl.java:77)\r\n\tat java.base/jdk.internal.reflect.DelegatingConstructorAccessorImpl.newInstance(DelegatingConstructorAccessorImpl.java:45)\r\n\tat java.base/java.lang.reflect.Constructor.newInstanceWithCaller(Constructor.java:499)\r\n\tat java.base/java.lang.reflect.Constructor.newInstance(Constructor.java:480)\r\n\tat org.openqa.selenium.remote.codec.w3c.W3CHttpResponseCodec.createException(W3CHttpResponseCodec.java:200)\r\n\tat org.openqa.selenium.remote.codec.w3c.W3CHttpResponseCodec.decode(W3CHttpResponseCodec.java:133)\r\n\tat org.openqa.selenium.remote.codec.w3c.W3CHttpResponseCodec.decode(W3CHttpResponseCodec.java:52)\r\n\tat org.openqa.selenium.remote.HttpCommandExecutor.execute(HttpCommandExecutor.java:191)\r\n\tat org.openqa.selenium.remote.service.DriverCommandExecutor.invokeExecute(DriverCommandExecutor.java:200)\r\n\tat org.openqa.selenium.remote.service.DriverCommandExecutor.execute(DriverCommandExecutor.java:175)\r\n\tat org.openqa.selenium.remote.RemoteWebDriver.execute(RemoteWebDriver.java:607)\r\n\tat org.openqa.selenium.remote.ElementLocation$ElementFinder$2.findElement(ElementLocation.java:165)\r\n\tat org.openqa.selenium.remote.ElementLocation.findElement(ElementLocation.java:59)\r\n\tat org.openqa.selenium.remote.RemoteWebDriver.findElement(RemoteWebDriver.java:364)\r\n\tat org.openqa.selenium.remote.RemoteWebDriver.findElement(RemoteWebDriver.java:358)\r\n\tat org.openqa.selenium.support.pagefactory.DefaultElementLocator.findElement(DefaultElementLocator.java:68)\r\n\tat org.openqa.selenium.support.pagefactory.internal.LocatingElementHandler.invoke(LocatingElementHandler.java:38)\r\n\tat jdk.proxy2/jdk.proxy2.$Proxy20.click(Unknown Source)\r\n\tat page.SauceDemoPage.addingItemsOnCartMenu(SauceDemoPage.java:140)\r\n\tat stepdefinitions.SauceDemoStepDef.adminAddsItemsToTheCart(SauceDemoStepDef.java:67)\r\n\tat ✽.Admin adds items to the cart(file:///C:/Users/FURKAN/IdeaProjects/PracticeProject/src/test/resources/features/checkout.feature:9)\r\n","duration":15026318100,"status":"failed"},"line":9,"name":"Admin adds items to the cart","match":{"location":"stepdefinitions.SauceDemoStepDef.adminAddsItemsToTheCart()"},"keyword":"And "},{"result":{"status":"skipped"},"line":10,"name":"Admin verifies the page navigates to cart","match":{"location":"stepdefinitions.SauceDemoStepDef.adminVerifiesThePageNavigatesToCart()"},"keyword":"Then "},{"result":{"status":"skipped"},"line":11,"name":"Admin verifies Admin can see items which he added to cart","match":{"location":"stepdefinitions.SauceDemoStepDef.adminVerifiesAdminCanSeeItemsWhichHeAddedToCart()"},"keyword":"Then "}]},{"start_timestamp":"2023-12-02T16:10:58.008Z","line":33,"name":"Admin tests add to cart negative test","description":"","id":"admin-tests-add-to-cart-functionalty;admin-tests-add-to-cart-negative-test;;3","type":"scenario","keyword":"Scenario Outline","steps":[{"result":{"duration":1010700,"status":"skipped"},"line":24,"name":"Admin navigates checkout page and enters negative datas \"1\", \"1\", \"1\"","match":{"arguments":[{"val":"\"1\"","offset":56},{"val":"\"1\"","offset":61},{"val":"\"1\"","offset":66}],"location":"stepdefinitions.SauceDemoStepDef.adminNavigatesCheckoutPageAndEntersNegativeDatas(java.lang.String,java.lang.String,java.lang.String)"},"keyword":"And "},{"result":{"status":"skipped"},"line":25,"name":"Admin shouldnt pass next step","match":{"location":"stepdefinitions.SauceDemoStepDef.adminShouldntPassNextStep()"},"keyword":"Then "},{"result":{"status":"skipped"},"line":26,"name":"Admin verifies the items and total prices","match":{"location":"stepdefinitions.SauceDemoStepDef.adminVerifiesTheItemsAndTotalPrices()"},"keyword":"Then "},{"result":{"status":"skipped"},"line":27,"name":"Admin verifies order is completed","match":{"location":"stepdefinitions.SauceDemoStepDef.adminVerifiesOrderIsCompleted()"},"keyword":"Then "},{"result":{"duration":997400,"status":"skipped"},"line":28,"name":"Admin closes the browser","match":{"location":"stepdefinitions.SauceDemoStepDef.admin_closes_the_browser()"},"keyword":"And "}],"tags":[{"name":"@negativeCartPage"}]},{"line":4,"name":"Login","description":"","type":"background","keyword":"Background","steps":[{"result":{"duration":105402100,"status":"passed"},"line":5,"name":"Admin goes to login page \"loginPage\"","match":{"arguments":[{"val":"\"loginPage\"","offset":25}],"location":"stepdefinitions.SauceDemoStepDef.admin_goes_to_login_page(java.lang.String)"},"keyword":"Given "},{"result":{"duration":257890300,"status":"passed"},"line":6,"name":"Admin fills with positive datas and click login button","match":{"location":"stepdefinitions.SauceDemoStepDef.admin_fills_with_positive_datas_and_click_login_button(io.cucumber.datatable.DataTable)"},"rows":[{"cells":["username","password"]},{"cells":["standard_user","secret_sauce"]}],"keyword":"And "},{"result":{"error_message":"org.openqa.selenium.NoSuchElementException: no such element: Unable to locate element: {\"method\":\"xpath\",\"selector\":\"//button[@id='add-to-cart-sauce-labs-backpack']\"}\n  (Session info: MicrosoftEdge=119.0.2151.93)\nFor documentation on this error, please visit: https://www.selenium.dev/documentation/webdriver/troubleshooting/errors#no-such-element-exception\nBuild info: version: '4.15.0', revision: '1d14b5521b'\nSystem info: os.name: 'Windows 10', os.arch: 'amd64', os.version: '10.0', java.version: '17.0.8'\nDriver info: org.openqa.selenium.edge.EdgeDriver\nCommand: [d6f775f4615a79ae8fe7b1bc998eb627, findElement {using=xpath, value=//button[@id='add-to-cart-sauce-labs-backpack']}]\nCapabilities {acceptInsecureCerts: false, browserName: msedge, browserVersion: 119.0.2151.93, fedcm:accounts: true, ms:edgeOptions: {debuggerAddress: localhost:58944}, msedge: {msedgedriverVersion: 119.0.2151.97 (42f50dec8b7a..., userDataDir: C:\\Users\\FURKAN\\AppData\\Loc...}, networkConnectionEnabled: false, pageLoadStrategy: normal, platformName: windows, proxy: Proxy(), se:cdp: ws://localhost:58944/devtoo..., se:cdpVersion: 119.0.2151.93, setWindowRect: true, strictFileInteractability: false, timeouts: {implicit: 0, pageLoad: 300000, script: 30000}, unhandledPromptBehavior: dismiss and notify, webauthn:extension:credBlob: true, webauthn:extension:largeBlob: true, webauthn:extension:minPinLength: true, webauthn:extension:prf: true, webauthn:virtualAuthenticators: true}\nSession ID: d6f775f4615a79ae8fe7b1bc998eb627\r\n\tat java.base/jdk.internal.reflect.NativeConstructorAccessorImpl.newInstance0(Native Method)\r\n\tat java.base/jdk.internal.reflect.NativeConstructorAccessorImpl.newInstance(NativeConstructorAccessorImpl.java:77)\r\n\tat java.base/jdk.internal.reflect.DelegatingConstructorAccessorImpl.newInstance(DelegatingConstructorAccessorImpl.java:45)\r\n\tat java.base/java.lang.reflect.Constructor.newInstanceWithCaller(Constructor.java:499)\r\n\tat java.base/java.lang.reflect.Constructor.newInstance(Constructor.java:480)\r\n\tat org.openqa.selenium.remote.codec.w3c.W3CHttpResponseCodec.createException(W3CHttpResponseCodec.java:200)\r\n\tat org.openqa.selenium.remote.codec.w3c.W3CHttpResponseCodec.decode(W3CHttpResponseCodec.java:133)\r\n\tat org.openqa.selenium.remote.codec.w3c.W3CHttpResponseCodec.decode(W3CHttpResponseCodec.java:52)\r\n\tat org.openqa.selenium.remote.HttpCommandExecutor.execute(HttpCommandExecutor.java:191)\r\n\tat org.openqa.selenium.remote.service.DriverCommandExecutor.invokeExecute(DriverCommandExecutor.java:200)\r\n\tat org.openqa.selenium.remote.service.DriverCommandExecutor.execute(DriverCommandExecutor.java:175)\r\n\tat org.openqa.selenium.remote.RemoteWebDriver.execute(RemoteWebDriver.java:607)\r\n\tat org.openqa.selenium.remote.ElementLocation$ElementFinder$2.findElement(ElementLocation.java:165)\r\n\tat org.openqa.selenium.remote.ElementLocation.findElement(ElementLocation.java:59)\r\n\tat org.openqa.selenium.remote.RemoteWebDriver.findElement(RemoteWebDriver.java:364)\r\n\tat org.openqa.selenium.remote.RemoteWebDriver.findElement(RemoteWebDriver.java:358)\r\n\tat org.openqa.selenium.support.pagefactory.DefaultElementLocator.findElement(DefaultElementLocator.java:68)\r\n\tat org.openqa.selenium.support.pagefactory.internal.LocatingElementHandler.invoke(LocatingElementHandler.java:38)\r\n\tat jdk.proxy2/jdk.proxy2.$Proxy20.click(Unknown Source)\r\n\tat page.SauceDemoPage.addingItemsOnCartMenu(SauceDemoPage.java:140)\r\n\tat stepdefinitions.SauceDemoStepDef.adminAddsItemsToTheCart(SauceDemoStepDef.java:67)\r\n\tat ✽.Admin adds items to the cart(file:///C:/Users/FURKAN/IdeaProjects/PracticeProject/src/test/resources/features/checkout.feature:9)\r\n","duration":15044132700,"status":"failed"},"line":9,"name":"Admin adds items to the cart","match":{"location":"stepdefinitions.SauceDemoStepDef.adminAddsItemsToTheCart()"},"keyword":"And "},{"result":{"status":"skipped"},"line":10,"name":"Admin verifies the page navigates to cart","match":{"location":"stepdefinitions.SauceDemoStepDef.adminVerifiesThePageNavigatesToCart()"},"keyword":"Then "},{"result":{"status":"skipped"},"line":11,"name":"Admin verifies Admin can see items which he added to cart","match":{"location":"stepdefinitions.SauceDemoStepDef.adminVerifiesAdminCanSeeItemsWhichHeAddedToCart()"},"keyword":"Then "}]},{"start_timestamp":"2023-12-02T16:11:13.412Z","line":34,"name":"Admin tests add to cart negative test","description":"","id":"admin-tests-add-to-cart-functionalty;admin-tests-add-to-cart-negative-test;;4","type":"scenario","keyword":"Scenario Outline","steps":[{"result":{"status":"skipped"},"line":24,"name":"Admin navigates checkout page and enters negative datas \"\", \"\", \"\"","match":{"arguments":[{"val":"\"\"","offset":56},{"val":"\"\"","offset":60},{"val":"\"\"","offset":64}],"location":"stepdefinitions.SauceDemoStepDef.adminNavigatesCheckoutPageAndEntersNegativeDatas(java.lang.String,java.lang.String,java.lang.String)"},"keyword":"And "},{"result":{"duration":995500,"status":"skipped"},"line":25,"name":"Admin shouldnt pass next step","match":{"location":"stepdefinitions.SauceDemoStepDef.adminShouldntPassNextStep()"},"keyword":"Then "},{"result":{"status":"skipped"},"line":26,"name":"Admin verifies the items and total prices","match":{"location":"stepdefinitions.SauceDemoStepDef.adminVerifiesTheItemsAndTotalPrices()"},"keyword":"Then "},{"result":{"status":"skipped"},"line":27,"name":"Admin verifies order is completed","match":{"location":"stepdefinitions.SauceDemoStepDef.adminVerifiesOrderIsCompleted()"},"keyword":"Then "},{"result":{"status":"skipped"},"line":28,"name":"Admin closes the browser","match":{"location":"stepdefinitions.SauceDemoStepDef.admin_closes_the_browser()"},"keyword":"And "}],"tags":[{"name":"@negativeCartPage"}]},{"line":4,"name":"Login","description":"","type":"background","keyword":"Background","steps":[{"result":{"duration":91754300,"status":"passed"},"line":5,"name":"Admin goes to login page \"loginPage\"","match":{"arguments":[{"val":"\"loginPage\"","offset":25}],"location":"stepdefinitions.SauceDemoStepDef.admin_goes_to_login_page(java.lang.String)"},"keyword":"Given "},{"result":{"duration":246007300,"status":"passed"},"line":6,"name":"Admin fills with positive datas and click login button","match":{"location":"stepdefinitions.SauceDemoStepDef.admin_fills_with_positive_datas_and_click_login_button(io.cucumber.datatable.DataTable)"},"rows":[{"cells":["username","password"]},{"cells":["standard_user","secret_sauce"]}],"keyword":"And "},{"result":{"error_message":"org.openqa.selenium.NoSuchElementException: no such element: Unable to locate element: {\"method\":\"xpath\",\"selector\":\"//button[@id='add-to-cart-sauce-labs-backpack']\"}\n  (Session info: MicrosoftEdge=119.0.2151.93)\nFor documentation on this error, please visit: https://www.selenium.dev/documentation/webdriver/troubleshooting/errors#no-such-element-exception\nBuild info: version: '4.15.0', revision: '1d14b5521b'\nSystem info: os.name: 'Windows 10', os.arch: 'amd64', os.version: '10.0', java.version: '17.0.8'\nDriver info: org.openqa.selenium.edge.EdgeDriver\nCommand: [d6f775f4615a79ae8fe7b1bc998eb627, findElement {using=xpath, value=//button[@id='add-to-cart-sauce-labs-backpack']}]\nCapabilities {acceptInsecureCerts: false, browserName: msedge, browserVersion: 119.0.2151.93, fedcm:accounts: true, ms:edgeOptions: {debuggerAddress: localhost:58944}, msedge: {msedgedriverVersion: 119.0.2151.97 (42f50dec8b7a..., userDataDir: C:\\Users\\FURKAN\\AppData\\Loc...}, networkConnectionEnabled: false, pageLoadStrategy: normal, platformName: windows, proxy: Proxy(), se:cdp: ws://localhost:58944/devtoo..., se:cdpVersion: 119.0.2151.93, setWindowRect: true, strictFileInteractability: false, timeouts: {implicit: 0, pageLoad: 300000, script: 30000}, unhandledPromptBehavior: dismiss and notify, webauthn:extension:credBlob: true, webauthn:extension:largeBlob: true, webauthn:extension:minPinLength: true, webauthn:extension:prf: true, webauthn:virtualAuthenticators: true}\nSession ID: d6f775f4615a79ae8fe7b1bc998eb627\r\n\tat java.base/jdk.internal.reflect.NativeConstructorAccessorImpl.newInstance0(Native Method)\r\n\tat java.base/jdk.internal.reflect.NativeConstructorAccessorImpl.newInstance(NativeConstructorAccessorImpl.java:77)\r\n\tat java.base/jdk.internal.reflect.DelegatingConstructorAccessorImpl.newInstance(DelegatingConstructorAccessorImpl.java:45)\r\n\tat java.base/java.lang.reflect.Constructor.newInstanceWithCaller(Constructor.java:499)\r\n\tat java.base/java.lang.reflect.Constructor.newInstance(Constructor.java:480)\r\n\tat org.openqa.selenium.remote.codec.w3c.W3CHttpResponseCodec.createException(W3CHttpResponseCodec.java:200)\r\n\tat org.openqa.selenium.remote.codec.w3c.W3CHttpResponseCodec.decode(W3CHttpResponseCodec.java:133)\r\n\tat org.openqa.selenium.remote.codec.w3c.W3CHttpResponseCodec.decode(W3CHttpResponseCodec.java:52)\r\n\tat org.openqa.selenium.remote.HttpCommandExecutor.execute(HttpCommandExecutor.java:191)\r\n\tat org.openqa.selenium.remote.service.DriverCommandExecutor.invokeExecute(DriverCommandExecutor.java:200)\r\n\tat org.openqa.selenium.remote.service.DriverCommandExecutor.execute(DriverCommandExecutor.java:175)\r\n\tat org.openqa.selenium.remote.RemoteWebDriver.execute(RemoteWebDriver.java:607)\r\n\tat org.openqa.selenium.remote.ElementLocation$ElementFinder$2.findElement(ElementLocation.java:165)\r\n\tat org.openqa.selenium.remote.ElementLocation.findElement(ElementLocation.java:59)\r\n\tat org.openqa.selenium.remote.RemoteWebDriver.findElement(RemoteWebDriver.java:364)\r\n\tat org.openqa.selenium.remote.RemoteWebDriver.findElement(RemoteWebDriver.java:358)\r\n\tat org.openqa.selenium.support.pagefactory.DefaultElementLocator.findElement(DefaultElementLocator.java:68)\r\n\tat org.openqa.selenium.support.pagefactory.internal.LocatingElementHandler.invoke(LocatingElementHandler.java:38)\r\n\tat jdk.proxy2/jdk.proxy2.$Proxy20.click(Unknown Source)\r\n\tat page.SauceDemoPage.addingItemsOnCartMenu(SauceDemoPage.java:140)\r\n\tat stepdefinitions.SauceDemoStepDef.adminAddsItemsToTheCart(SauceDemoStepDef.java:67)\r\n\tat ✽.Admin adds items to the cart(file:///C:/Users/FURKAN/IdeaProjects/PracticeProject/src/test/resources/features/checkout.feature:9)\r\n","duration":15030071300,"status":"failed"},"line":9,"name":"Admin adds items to the cart","match":{"location":"stepdefinitions.SauceDemoStepDef.adminAddsItemsToTheCart()"},"keyword":"And "},{"result":{"status":"skipped"},"line":10,"name":"Admin verifies the page navigates to cart","match":{"location":"stepdefinitions.SauceDemoStepDef.adminVerifiesThePageNavigatesToCart()"},"keyword":"Then "},{"result":{"status":"skipped"},"line":11,"name":"Admin verifies Admin can see items which he added to cart","match":{"location":"stepdefinitions.SauceDemoStepDef.adminVerifiesAdminCanSeeItemsWhichHeAddedToCart()"},"keyword":"Then "}]},{"start_timestamp":"2023-12-02T16:11:28.832Z","line":35,"name":"Admin tests add to cart negative test","description":"","id":"admin-tests-add-to-cart-functionalty;admin-tests-add-to-cart-negative-test;;5","type":"scenario","keyword":"Scenario Outline","steps":[{"result":{"status":"skipped"},"line":24,"name":"Admin navigates checkout page and enters negative datas \"w\", \"w\", \"w\"","match":{"arguments":[{"val":"\"w\"","offset":56},{"val":"\"w\"","offset":61},{"val":"\"w\"","offset":66}],"location":"stepdefinitions.SauceDemoStepDef.adminNavigatesCheckoutPageAndEntersNegativeDatas(java.lang.String,java.lang.String,java.lang.String)"},"keyword":"And "},{"result":{"status":"skipped"},"line":25,"name":"Admin shouldnt pass next step","match":{"location":"stepdefinitions.SauceDemoStepDef.adminShouldntPassNextStep()"},"keyword":"Then "},{"result":{"status":"skipped"},"line":26,"name":"Admin verifies the items and total prices","match":{"location":"stepdefinitions.SauceDemoStepDef.adminVerifiesTheItemsAndTotalPrices()"},"keyword":"Then "},{"result":{"duration":1033900,"status":"skipped"},"line":27,"name":"Admin verifies order is completed","match":{"location":"stepdefinitions.SauceDemoStepDef.adminVerifiesOrderIsCompleted()"},"keyword":"Then "},{"result":{"status":"skipped"},"line":28,"name":"Admin closes the browser","match":{"location":"stepdefinitions.SauceDemoStepDef.admin_closes_the_browser()"},"keyword":"And "}],"tags":[{"name":"@negativeCartPage"}]},{"line":4,"name":"Login","description":"","type":"background","keyword":"Background","steps":[{"result":{"duration":92757300,"status":"passed"},"line":5,"name":"Admin goes to login page \"loginPage\"","match":{"arguments":[{"val":"\"loginPage\"","offset":25}],"location":"stepdefinitions.SauceDemoStepDef.admin_goes_to_login_page(java.lang.String)"},"keyword":"Given "},{"result":{"duration":250321900,"status":"passed"},"line":6,"name":"Admin fills with positive datas and click login button","match":{"location":"stepdefinitions.SauceDemoStepDef.admin_fills_with_positive_datas_and_click_login_button(io.cucumber.datatable.DataTable)"},"rows":[{"cells":["username","password"]},{"cells":["standard_user","secret_sauce"]}],"keyword":"And "},{"result":{"error_message":"org.openqa.selenium.NoSuchElementException: no such element: Unable to locate element: {\"method\":\"xpath\",\"selector\":\"//button[@id='add-to-cart-sauce-labs-backpack']\"}\n  (Session info: MicrosoftEdge=119.0.2151.93)\nFor documentation on this error, please visit: https://www.selenium.dev/documentation/webdriver/troubleshooting/errors#no-such-element-exception\nBuild info: version: '4.15.0', revision: '1d14b5521b'\nSystem info: os.name: 'Windows 10', os.arch: 'amd64', os.version: '10.0', java.version: '17.0.8'\nDriver info: org.openqa.selenium.edge.EdgeDriver\nCommand: [d6f775f4615a79ae8fe7b1bc998eb627, findElement {using=xpath, value=//button[@id='add-to-cart-sauce-labs-backpack']}]\nCapabilities {acceptInsecureCerts: false, browserName: msedge, browserVersion: 119.0.2151.93, fedcm:accounts: true, ms:edgeOptions: {debuggerAddress: localhost:58944}, msedge: {msedgedriverVersion: 119.0.2151.97 (42f50dec8b7a..., userDataDir: C:\\Users\\FURKAN\\AppData\\Loc...}, networkConnectionEnabled: false, pageLoadStrategy: normal, platformName: windows, proxy: Proxy(), se:cdp: ws://localhost:58944/devtoo..., se:cdpVersion: 119.0.2151.93, setWindowRect: true, strictFileInteractability: false, timeouts: {implicit: 0, pageLoad: 300000, script: 30000}, unhandledPromptBehavior: dismiss and notify, webauthn:extension:credBlob: true, webauthn:extension:largeBlob: true, webauthn:extension:minPinLength: true, webauthn:extension:prf: true, webauthn:virtualAuthenticators: true}\nSession ID: d6f775f4615a79ae8fe7b1bc998eb627\r\n\tat java.base/jdk.internal.reflect.NativeConstructorAccessorImpl.newInstance0(Native Method)\r\n\tat java.base/jdk.internal.reflect.NativeConstructorAccessorImpl.newInstance(NativeConstructorAccessorImpl.java:77)\r\n\tat java.base/jdk.internal.reflect.DelegatingConstructorAccessorImpl.newInstance(DelegatingConstructorAccessorImpl.java:45)\r\n\tat java.base/java.lang.reflect.Constructor.newInstanceWithCaller(Constructor.java:499)\r\n\tat java.base/java.lang.reflect.Constructor.newInstance(Constructor.java:480)\r\n\tat org.openqa.selenium.remote.codec.w3c.W3CHttpResponseCodec.createException(W3CHttpResponseCodec.java:200)\r\n\tat org.openqa.selenium.remote.codec.w3c.W3CHttpResponseCodec.decode(W3CHttpResponseCodec.java:133)\r\n\tat org.openqa.selenium.remote.codec.w3c.W3CHttpResponseCodec.decode(W3CHttpResponseCodec.java:52)\r\n\tat org.openqa.selenium.remote.HttpCommandExecutor.execute(HttpCommandExecutor.java:191)\r\n\tat org.openqa.selenium.remote.service.DriverCommandExecutor.invokeExecute(DriverCommandExecutor.java:200)\r\n\tat org.openqa.selenium.remote.service.DriverCommandExecutor.execute(DriverCommandExecutor.java:175)\r\n\tat org.openqa.selenium.remote.RemoteWebDriver.execute(RemoteWebDriver.java:607)\r\n\tat org.openqa.selenium.remote.ElementLocation$ElementFinder$2.findElement(ElementLocation.java:165)\r\n\tat org.openqa.selenium.remote.ElementLocation.findElement(ElementLocation.java:59)\r\n\tat org.openqa.selenium.remote.RemoteWebDriver.findElement(RemoteWebDriver.java:364)\r\n\tat org.openqa.selenium.remote.RemoteWebDriver.findElement(RemoteWebDriver.java:358)\r\n\tat org.openqa.selenium.support.pagefactory.DefaultElementLocator.findElement(DefaultElementLocator.java:68)\r\n\tat org.openqa.selenium.support.pagefactory.internal.LocatingElementHandler.invoke(LocatingElementHandler.java:38)\r\n\tat jdk.proxy2/jdk.proxy2.$Proxy20.click(Unknown Source)\r\n\tat page.SauceDemoPage.addingItemsOnCartMenu(SauceDemoPage.java:140)\r\n\tat stepdefinitions.SauceDemoStepDef.adminAddsItemsToTheCart(SauceDemoStepDef.java:67)\r\n\tat ✽.Admin adds items to the cart(file:///C:/Users/FURKAN/IdeaProjects/PracticeProject/src/test/resources/features/checkout.feature:9)\r\n","duration":15063219900,"status":"failed"},"line":9,"name":"Admin adds items to the cart","match":{"location":"stepdefinitions.SauceDemoStepDef.adminAddsItemsToTheCart()"},"keyword":"And "},{"result":{"status":"skipped"},"line":10,"name":"Admin verifies the page navigates to cart","match":{"location":"stepdefinitions.SauceDemoStepDef.adminVerifiesThePageNavigatesToCart()"},"keyword":"Then "},{"result":{"status":"skipped"},"line":11,"name":"Admin verifies Admin can see items which he added to cart","match":{"location":"stepdefinitions.SauceDemoStepDef.adminVerifiesAdminCanSeeItemsWhichHeAddedToCart()"},"keyword":"Then "}]},{"start_timestamp":"2023-12-02T16:11:44.217Z","line":36,"name":"Admin tests add to cart negative test","description":"","id":"admin-tests-add-to-cart-functionalty;admin-tests-add-to-cart-negative-test;;6","type":"scenario","keyword":"Scenario Outline","steps":[{"result":{"status":"skipped"},"line":24,"name":"Admin navigates checkout page and enters negative datas \"*\", \"*\", \"*\"","match":{"arguments":[{"val":"\"*\"","offset":56},{"val":"\"*\"","offset":61},{"val":"\"*\"","offset":66}],"location":"stepdefinitions.SauceDemoStepDef.adminNavigatesCheckoutPageAndEntersNegativeDatas(java.lang.String,java.lang.String,java.lang.String)"},"keyword":"And "},{"result":{"status":"skipped"},"line":25,"name":"Admin shouldnt pass next step","match":{"location":"stepdefinitions.SauceDemoStepDef.adminShouldntPassNextStep()"},"keyword":"Then "},{"result":{"status":"skipped"},"line":26,"name":"Admin verifies the items and total prices","match":{"location":"stepdefinitions.SauceDemoStepDef.adminVerifiesTheItemsAndTotalPrices()"},"keyword":"Then "},{"result":{"status":"skipped"},"line":27,"name":"Admin verifies order is completed","match":{"location":"stepdefinitions.SauceDemoStepDef.adminVerifiesOrderIsCompleted()"},"keyword":"Then "},{"result":{"status":"skipped"},"line":28,"name":"Admin closes the browser","match":{"location":"stepdefinitions.SauceDemoStepDef.admin_closes_the_browser()"},"keyword":"And "}],"tags":[{"name":"@negativeCartPage"}]}],"name":"Admin tests add to cart functionalty","description":"","id":"admin-tests-add-to-cart-functionalty","keyword":"Feature","uri":"file:src/test/resources/features/checkout.feature","tags":[]}]